<?xml version="1.0" encoding="UTF-8"?>
<testng-results skipped="0" failed="0" total="1" passed="1">
  <reporter-output>
    <line>
      <![CDATA[Success]]>
    </line>
  </reporter-output>
  <suite name="Default suite" duration-ms="27156" started-at="2014-03-29T04:42:27Z" finished-at="2014-03-29T04:42:54Z">
    <groups>
    </groups>
    <test name="Default test" duration-ms="27156" started-at="2014-03-29T04:42:27Z" finished-at="2014-03-29T04:42:54Z">
      <class name="tests.TestNG">
        <test-method status="PASS" signature="setUp()[pri:0, instance:tests.TestNG@1e4605c]" name="setUp" is-config="true" duration-ms="18125" started-at="2014-03-29T15:42:27Z" finished-at="2014-03-29T15:42:45Z">
          <reporter-output>
          </reporter-output>
        </test-method> <!-- setUp -->
        <test-method status="PASS" signature="testMyfirstwebdriver()[pri:0, instance:tests.TestNG@1e4605c]" name="testMyfirstwebdriver" duration-ms="8641" started-at="2014-03-29T15:42:45Z" finished-at="2014-03-29T15:42:54Z">
          <reporter-output>
            <line>
              <![CDATA[Success]]>
            </line>
          </reporter-output>
        </test-method> <!-- testMyfirstwebdriver -->
        <test-method status="PASS" signature="tearDown()[pri:0, instance:tests.TestNG@1e4605c]" name="tearDown" is-config="true" duration-ms="375" started-at="2014-03-29T15:42:54Z" finished-at="2014-03-29T15:42:54Z">
          <reporter-output>
          </reporter-output>
        </test-method> <!-- tearDown -->
      </class> <!-- tests.TestNG -->
    </test> <!-- Default test -->
  </suite> <!-- Default suite -->
</testng-results>
